[debug] [2022-12-23T06:30:39.144Z] ----------------------------------------------------------------------
[debug] [2022-12-23T06:30:39.146Z] Command:       C:\Program Files\nodejs\node.exe C:\Users\ASUS\AppData\Roaming\npm\node_modules\firebase-tools\lib\bin\firebase.js deploy
[debug] [2022-12-23T06:30:39.146Z] CLI Version:   11.15.0
[debug] [2022-12-23T06:30:39.146Z] Platform:      win32
[debug] [2022-12-23T06:30:39.146Z] Node Version:  v16.17.0
[debug] [2022-12-23T06:30:39.156Z] Time:          Fri Dec 23 2022 12:30:39 GMT+0600 (Bangladesh Standard Time)
[debug] [2022-12-23T06:30:39.157Z] ----------------------------------------------------------------------
[debug] 
[debug] [2022-12-23T06:30:39.217Z] > command requires scopes: ["email","openid","https://www.googleapis.com/auth/cloudplatformprojects.readonly","https://www.googleapis.com/auth/firebase","https://www.googleapis.com/auth/cloud-platform"]
[debug] [2022-12-23T06:30:39.217Z] > authorizing via signed-in user (iftekher.hasib@gmail.com)
[debug] [2022-12-23T06:30:39.217Z] [iam] checking project truck-zone-6b077 for permissions ["firebase.projects.get","firebasehosting.sites.update"]
[debug] [2022-12-23T06:30:39.219Z] >>> [apiv2][query] POST https://cloudresourcemanager.googleapis.com/v1/projects/truck-zone-6b077:testIamPermissions [none]
[debug] [2022-12-23T06:30:39.219Z] >>> [apiv2][(partial)header] POST https://cloudresourcemanager.googleapis.com/v1/projects/truck-zone-6b077:testIamPermissions x-goog-quota-user=projects/truck-zone-6b077
[debug] [2022-12-23T06:30:39.219Z] >>> [apiv2][body] POST https://cloudresourcemanager.googleapis.com/v1/projects/truck-zone-6b077:testIamPermissions {"permissions":["firebase.projects.get","firebasehosting.sites.update"]}
[debug] [2022-12-23T06:30:40.405Z] <<< [apiv2][status] POST https://cloudresourcemanager.googleapis.com/v1/projects/truck-zone-6b077:testIamPermissions 200
[debug] [2022-12-23T06:30:40.405Z] <<< [apiv2][body] POST https://cloudresourcemanager.googleapis.com/v1/projects/truck-zone-6b077:testIamPermissions {"permissions":["firebase.projects.get","firebasehosting.sites.update"]}
[debug] [2022-12-23T06:30:40.407Z] >>> [apiv2][query] GET https://firebase.googleapis.com/v1beta1/projects/truck-zone-6b077 [none]
[debug] [2022-12-23T06:30:41.032Z] <<< [apiv2][status] GET https://firebase.googleapis.com/v1beta1/projects/truck-zone-6b077 200
[debug] [2022-12-23T06:30:41.032Z] <<< [apiv2][body] GET https://firebase.googleapis.com/v1beta1/projects/truck-zone-6b077 {"projectId":"truck-zone-6b077","projectNumber":"823362031550","displayName":"truck-zone","name":"projects/truck-zone-6b077","resources":{"hostingSite":"truck-zone-6b077"},"state":"ACTIVE","etag":"1_369bdcea-cdf3-4ed9-a688-f0201997b7f4"}
[info] 
[info] === Deploying to 'truck-zone-6b077'...
[info] 
[info] i  deploying hosting 
[debug] [2022-12-23T06:30:41.040Z] >>> [apiv2][query] POST https://firebasehosting.googleapis.com/v1beta1/projects/-/sites/truck-zone-6b077/versions [none]
[debug] [2022-12-23T06:30:41.041Z] >>> [apiv2][body] POST https://firebasehosting.googleapis.com/v1beta1/projects/-/sites/truck-zone-6b077/versions {"status":"CREATED","labels":{"deployment-tool":"cli-firebase"}}
[debug] [2022-12-23T06:30:42.849Z] <<< [apiv2][status] POST https://firebasehosting.googleapis.com/v1beta1/projects/-/sites/truck-zone-6b077/versions 200
[debug] [2022-12-23T06:30:42.849Z] <<< [apiv2][body] POST https://firebasehosting.googleapis.com/v1beta1/projects/-/sites/truck-zone-6b077/versions {"name":"projects/823362031550/sites/truck-zone-6b077/versions/ec5d11db525030dc","status":"CREATED","config":{},"labels":{"deployment-tool":"cli-firebase"}}
[info] i  hosting[truck-zone-6b077]: beginning deploy... 
[info] i  hosting[truck-zone-6b077]: found 26 files in build 
[debug] [2022-12-23T06:30:42.867Z] [hosting] uploading with 200 concurrency
